[debug] [2022-11-26T06:36:57.568Z] ----------------------------------------------------------------------
[debug] [2022-11-26T06:36:57.570Z] Command:       C:\Program Files\nodejs\node.exe C:\Users\ASUS\AppData\Roaming\npm\node_modules\firebase-tools\lib\bin\firebase.js serve
[debug] [2022-11-26T06:36:57.571Z] CLI Version:   11.16.1
[debug] [2022-11-26T06:36:57.571Z] Platform:      win32
[debug] [2022-11-26T06:36:57.571Z] Node Version:  v16.16.0
[debug] [2022-11-26T06:36:57.584Z] Time:          Sat Nov 26 2022 13:36:57 GMT+0700 (Indochina Time)
[debug] [2022-11-26T06:36:57.584Z] ----------------------------------------------------------------------
[debug] 
[debug] [2022-11-26T06:36:57.713Z] > command requires scopes: ["email","openid","https://www.googleapis.com/auth/cloudplatformprojects.readonly","https://www.googleapis.com/auth/firebase","https://www.googleapis.com/auth/cloud-platform"]
[debug] [2022-11-26T06:36:57.714Z] > authorizing via signed-in user (shynend@gmail.com)
[debug] [2022-11-26T06:36:57.714Z] [iam] checking project internburger-6dd37 for permissions ["firebase.projects.get"]
[debug] [2022-11-26T06:36:57.715Z] > refreshing access token with scopes: []
[debug] [2022-11-26T06:36:57.717Z] >>> [apiv2][query] POST https://www.googleapis.com/oauth2/v3/token [none]
[debug] [2022-11-26T06:36:57.717Z] >>> [apiv2][body] POST https://www.googleapis.com/oauth2/v3/token [omitted]
[debug] [2022-11-26T06:36:57.927Z] <<< [apiv2][status] POST https://www.googleapis.com/oauth2/v3/token 200
[debug] [2022-11-26T06:36:57.927Z] <<< [apiv2][body] POST https://www.googleapis.com/oauth2/v3/token [omitted]
[debug] [2022-11-26T06:36:57.943Z] >>> [apiv2][query] POST https://cloudresourcemanager.googleapis.com/v1/projects/internburger-6dd37:testIamPermissions [none]
[debug] [2022-11-26T06:36:57.943Z] >>> [apiv2][(partial)header] POST https://cloudresourcemanager.googleapis.com/v1/projects/internburger-6dd37:testIamPermissions x-goog-quota-user=projects/internburger-6dd37
[debug] [2022-11-26T06:36:57.944Z] >>> [apiv2][body] POST https://cloudresourcemanager.googleapis.com/v1/projects/internburger-6dd37:testIamPermissions {"permissions":["firebase.projects.get"]}
[debug] [2022-11-26T06:36:58.879Z] <<< [apiv2][status] POST https://cloudresourcemanager.googleapis.com/v1/projects/internburger-6dd37:testIamPermissions 200
[debug] [2022-11-26T06:36:58.879Z] <<< [apiv2][body] POST https://cloudresourcemanager.googleapis.com/v1/projects/internburger-6dd37:testIamPermissions {"permissions":["firebase.projects.get"]}
[debug] [2022-11-26T06:36:58.881Z] >>> [apiv2][query] GET https://firebase.googleapis.com/v1beta1/projects/internburger-6dd37 [none]
[debug] [2022-11-26T06:36:59.262Z] <<< [apiv2][status] GET https://firebase.googleapis.com/v1beta1/projects/internburger-6dd37 200
[debug] [2022-11-26T06:36:59.262Z] <<< [apiv2][body] GET https://firebase.googleapis.com/v1beta1/projects/internburger-6dd37 {"projectId":"internburger-6dd37","projectNumber":"650154867699","displayName":"internBurger","name":"projects/internburger-6dd37","resources":{"hostingSite":"internburger-6dd37"},"state":"ACTIVE","etag":"1_ea1c76c7-12cd-46f3-80ea-c8585907b49e"}
[info] 
[info] === Serving from 'F:\internShipProject\demo'...
[info] 
[info] +  functions: Using node@16 from host. {"metadata":{"emulator":{"name":"functions"},"message":"Using node@16 from host."}}
[debug] [2022-11-26T06:36:59.307Z] defaultcredentials: writing to file C:\Users\ASUS\AppData\Roaming\firebase\shynend_gmail_com_application_default_credentials.json
[debug] [2022-11-26T06:36:59.310Z] Setting GAC to C:\Users\ASUS\AppData\Roaming\firebase\shynend_gmail_com_application_default_credentials.json {"metadata":{"emulator":{"name":"functions"},"message":"Setting GAC to C:\\Users\\ASUS\\AppData\\Roaming\\firebase\\shynend_gmail_com_application_default_credentials.json"}}
[debug] [2022-11-26T06:36:59.311Z] >>> [apiv2][query] GET https://firebase.googleapis.com/v1beta1/projects/internburger-6dd37/adminSdkConfig [none]
[debug] [2022-11-26T06:36:59.669Z] <<< [apiv2][status] GET https://firebase.googleapis.com/v1beta1/projects/internburger-6dd37/adminSdkConfig 200
[debug] [2022-11-26T06:36:59.669Z] <<< [apiv2][body] GET https://firebase.googleapis.com/v1beta1/projects/internburger-6dd37/adminSdkConfig {"projectId":"internburger-6dd37","storageBucket":"internburger-6dd37.appspot.com"}
[info] i  functions: Watching "F:\internShipProject\demo\functions" for Cloud Functions... {"metadata":{"emulator":{"name":"functions"},"message":"Watching \"F:\\internShipProject\\demo\\functions\" for Cloud Functions..."}}
[debug] [2022-11-26T06:36:59.707Z] Validating nodejs source
[debug] [2022-11-26T06:37:02.934Z] > [functions] package.json contents: {
  "name": "functions",
  "description": "Cloud Functions for Firebase",
  "scripts": {
    "lint": "eslint .",
    "serve": "firebase emulators:start --only functions",
    "shell": "firebase functions:shell",
    "start": "npm run shell",
    "deploy": "firebase deploy --only functions",
    "logs": "firebase functions:log"
  },
  "engines": {
    "node": "16"
  },
  "main": "index.js",
  "dependencies": {
    "cors": "^2.8.5",
    "express": "^4.18.2",
    "firebase-admin": "^10.0.2",
    "firebase-functions": "^4.1.0"
  },
  "devDependencies": {
    "eslint": "^8.9.0",
    "eslint-config-google": "^0.14.0",
    "firebase-functions-test": "^0.2.0"
  },
  "private": true
}
[debug] [2022-11-26T06:37:02.934Z] Building nodejs source
[debug] [2022-11-26T06:37:02.935Z] Analyzing nodejs backend spec
[debug] [2022-11-26T06:37:02.936Z] Could not find functions.yaml. Must use http discovery
[debug] [2022-11-26T06:37:04.105Z] Serving at port 9005

[debug] [2022-11-26T06:37:05.761Z] Got response from /__/functions.yaml {"endpoints":{"app":{"platform":"gcfv1","availableMemoryMb":null,"timeoutSeconds":null,"minInstances":null,"maxInstances":null,"ingressSettings":null,"serviceAccountEmail":null,"vpc":null,"httpsTrigger":{},"entryPoint":"app"}},"specVersion":"v1alpha1","requiredAPIs":[]}
[debug] [2022-11-26T06:37:05.769Z] shutdown requested via /__/quitquitquit

[info] +  functions: Loaded functions definitions from source: app. {"metadata":{"emulator":{"name":"functions"},"message":"Loaded functions definitions from source: app."}}
[info] +  functions[us-central1-app]: http function initialized (http://localhost:5000/internburger-6dd37/us-central1/app). {"metadata":{"emulator":{"name":"functions"},"message":"\u001b[1mhttp\u001b[22m function initialized (http://localhost:5000/internburger-6dd37/us-central1/app)."}}
[debug] [2022-11-26T06:37:39.175Z] [work-queue] {"queueLength":1,"workRunningCount":0}
[debug] [2022-11-26T06:37:39.176Z] [work-queue] {"queueLength":0,"workRunningCount":1}
[debug] [2022-11-26T06:37:39.176Z] Accepted request GET /internburger-6dd37/us-central1/app/users/nguyenvom98@gmail.com --> us-central1-app
[debug] [2022-11-26T06:37:39.180Z] [functions] Runtime ready! Sending request! {"metadata":{"emulator":{"name":"functions"},"message":"[functions] Runtime ready! Sending request!"}}
[debug] [2022-11-26T06:37:39.181Z] [functions] Got req.url=/internburger-6dd37/us-central1/app/users/nguyenvom98@gmail.com, mapping to path=/users/nguyenvom98@gmail.com {"metadata":{"emulator":{"name":"functions"},"message":"[functions] Got req.url=/internburger-6dd37/us-central1/app/users/nguyenvom98@gmail.com, mapping to path=/users/nguyenvom98@gmail.com"}}
[debug] [2022-11-26T06:37:39.218Z] [worker-pool] addWorker(us-central1-app) {"metadata":{"emulator":{"name":"functions"},"message":"[worker-pool] addWorker(us-central1-app)"}}
[debug] [2022-11-26T06:37:39.218Z] [worker-pool] Adding worker with key us-central1-app, total=1 {"metadata":{"emulator":{"name":"functions"},"message":"[worker-pool] Adding worker with key us-central1-app, total=1"}}
[debug] [2022-11-26T06:37:40.598Z] [runtime-status] [13060] Resolved module firebase-admin {"declared":true,"installed":true,"version":"10.3.0","resolution":"F:\\internShipProject\\demo\\functions\\node_modules\\firebase-admin\\lib\\index.js"} {"metadata":{"emulator":{"name":"functions"},"function":{"name":"us-central1-app"},"extension":{},"message":"[runtime-status] [13060] Resolved module firebase-admin {\"declared\":true,\"installed\":true,\"version\":\"10.3.0\",\"resolution\":\"F:\\\\internShipProject\\\\demo\\\\functions\\\\node_modules\\\\firebase-admin\\\\lib\\\\index.js\"}"}}
[debug] [2022-11-26T06:37:40.599Z] [runtime-status] [13060] Resolved module firebase-functions {"declared":true,"installed":true,"version":"4.1.0","resolution":"F:\\internShipProject\\demo\\functions\\node_modules\\firebase-functions\\lib\\v1\\index.js"} {"metadata":{"emulator":{"name":"functions"},"function":{"name":"us-central1-app"},"extension":{},"message":"[runtime-status] [13060] Resolved module firebase-functions {\"declared\":true,\"installed\":true,\"version\":\"4.1.0\",\"resolution\":\"F:\\\\internShipProject\\\\demo\\\\functions\\\\node_modules\\\\firebase-functions\\\\lib\\\\v1\\\\index.js\"}"}}
[debug] [2022-11-26T06:37:40.600Z] [runtime-status] [13060] Outgoing network have been stubbed. [{"name":"http","status":"mocked"},{"name":"http","status":"mocked"},{"name":"https","status":"mocked"},{"name":"https","status":"mocked"},{"name":"net","status":"mocked"}] {"metadata":{"emulator":{"name":"functions"},"function":{"name":"us-central1-app"},"extension":{},"message":"[runtime-status] [13060] Outgoing network have been stubbed. [{\"name\":\"http\",\"status\":\"mocked\"},{\"name\":\"http\",\"status\":\"mocked\"},{\"name\":\"https\",\"status\":\"mocked\"},{\"name\":\"https\",\"status\":\"mocked\"},{\"name\":\"net\",\"status\":\"mocked\"}]"}}
[debug] [2022-11-26T06:37:40.601Z] [runtime-status] [13060] Resolved module firebase-functions {"declared":true,"installed":true,"version":"4.1.0","resolution":"F:\\internShipProject\\demo\\functions\\node_modules\\firebase-functions\\lib\\v1\\index.js"} {"metadata":{"emulator":{"name":"functions"},"function":{"name":"us-central1-app"},"extension":{},"message":"[runtime-status] [13060] Resolved module firebase-functions {\"declared\":true,\"installed\":true,\"version\":\"4.1.0\",\"resolution\":\"F:\\\\internShipProject\\\\demo\\\\functions\\\\node_modules\\\\firebase-functions\\\\lib\\\\v1\\\\index.js\"}"}}
[debug] [2022-11-26T06:37:40.819Z] [runtime-status] [13060] Checked functions.config() {"config":{}} {"metadata":{"emulator":{"name":"functions"},"function":{"name":"us-central1-app"},"extension":{},"message":"[runtime-status] [13060] Checked functions.config() {\"config\":{}}"}}
[debug] [2022-11-26T06:37:40.820Z] [runtime-status] [13060] firebase-functions has been stubbed. {"functionsResolution":{"declared":true,"installed":true,"version":"4.1.0","resolution":"F:\\internShipProject\\demo\\functions\\node_modules\\firebase-functions\\lib\\v1\\index.js"}} {"metadata":{"emulator":{"name":"functions"},"function":{"name":"us-central1-app"},"extension":{},"message":"[runtime-status] [13060] firebase-functions has been stubbed. {\"functionsResolution\":{\"declared\":true,\"installed\":true,\"version\":\"4.1.0\",\"resolution\":\"F:\\\\internShipProject\\\\demo\\\\functions\\\\node_modules\\\\firebase-functions\\\\lib\\\\v1\\\\index.js\"}}"}}
[debug] [2022-11-26T06:37:40.821Z] [runtime-status] [13060] Resolved module firebase-functions {"declared":true,"installed":true,"version":"4.1.0","resolution":"F:\\internShipProject\\demo\\functions\\node_modules\\firebase-functions\\lib\\v1\\index.js"} {"metadata":{"emulator":{"name":"functions"},"function":{"name":"us-central1-app"},"extension":{},"message":"[runtime-status] [13060] Resolved module firebase-functions {\"declared\":true,\"installed\":true,\"version\":\"4.1.0\",\"resolution\":\"F:\\\\internShipProject\\\\demo\\\\functions\\\\node_modules\\\\firebase-functions\\\\lib\\\\v1\\\\index.js\"}"}}
[debug] [2022-11-26T06:37:40.822Z] [runtime-status] [13060] Resolved module firebase-admin {"declared":true,"installed":true,"version":"10.3.0","resolution":"F:\\internShipProject\\demo\\functions\\node_modules\\firebase-admin\\lib\\index.js"} {"metadata":{"emulator":{"name":"functions"},"function":{"name":"us-central1-app"},"extension":{},"message":"[runtime-status] [13060] Resolved module firebase-admin {\"declared\":true,\"installed\":true,\"version\":\"10.3.0\",\"resolution\":\"F:\\\\internShipProject\\\\demo\\\\functions\\\\node_modules\\\\firebase-admin\\\\lib\\\\index.js\"}"}}
[debug] [2022-11-26T06:37:40.825Z] [runtime-status] [13060] Resolved module firebase-functions {"declared":true,"installed":true,"version":"4.1.0","resolution":"F:\\internShipProject\\demo\\functions\\node_modules\\firebase-functions\\lib\\v1\\index.js"} {"metadata":{"emulator":{"name":"functions"},"function":{"name":"us-central1-app"},"extension":{},"message":"[runtime-status] [13060] Resolved module firebase-functions {\"declared\":true,\"installed\":true,\"version\":\"4.1.0\",\"resolution\":\"F:\\\\internShipProject\\\\demo\\\\functions\\\\node_modules\\\\firebase-functions\\\\lib\\\\v1\\\\index.js\"}"}}
[debug] [2022-11-26T06:37:40.825Z] [runtime-status] [13060] firebase-admin has been stubbed. {"adminResolution":{"declared":true,"installed":true,"version":"10.3.0","resolution":"F:\\internShipProject\\demo\\functions\\node_modules\\firebase-admin\\lib\\index.js"}} {"metadata":{"emulator":{"name":"functions"},"function":{"name":"us-central1-app"},"extension":{},"message":"[runtime-status] [13060] firebase-admin has been stubbed. {\"adminResolution\":{\"declared\":true,\"installed\":true,\"version\":\"10.3.0\",\"resolution\":\"F:\\\\internShipProject\\\\demo\\\\functions\\\\node_modules\\\\firebase-admin\\\\lib\\\\index.js\"}}"}}
[debug] [2022-11-26T06:37:40.984Z] [runtime-status] [13060] initializeApp(DEFAULT) {"credential":{"implicit":false,"projectId":"internburger-6dd37","privateKey":"-----BEGIN PRIVATE KEY-----\nMIIEvgIBADANBgkqhkiG9w0BAQEFAASCBKgwggSkAgEAAoIBAQC5jYMRtq0Bx/uA\nh+HuVuxSHpuBOJmhbXXd5mPPh44/tXpZGkYtd7OkPaFkALDE6wXz24/wVg+JnIqu\n4nLM14SDpLsijPoHmLkYxB2G2Hn1xapt/ALlTSR2igZedZl42MNvRrF84iY2B3IZ\n0JjipY1D7ihOCXMecMg5VZw7MGy6ZCDkUbkZgBPLR8wcg/bpR37/BGs3mWxx0BZa\nP7uD1tk64vSmWBiRVcHYhb7A+ffL8FjJY6gd1A2DjGM5TcQPE/WoZJP+BxFqJjvz\n1/iCak+M/AmekYAAHdUR+Q1YRtkx9plTN8zTpnsAkRyTkQ/+r99ZdDyky/0aONur\nGsWg0WJbAgMBAAECggEANzBAZjHbtlZpVxrTV6Tx6CDjZqVTiIB6mLPwRucOJ6PO\nDpdyfQ6H11dfW9OawA8ZN6U75CNsvqTZWNfQhl2ps8/4uveMXFsP3q5iC9vyNmgC\n33Cf2dy+diVqbIj0y01Jn5y6qKbI77P6O3RgLLVJ1YUN5twHqeuomej9LVujUzJ4\nMaKBSRBlxudSMroAkho4Q3bQWhhTHsu3JLhoG5icbMg5sk+t9xBjlRkohQE6uDf5\n0owc8vstzuq8jLgGEvyrciSnoiL5O8zbz0LgMUOCsoYU8IagKH6VeA/AeSxppoAQ\nNKH6it6nrG/9SjrtpMEkNMmHg7zAXVTkyXWphirczQKBgQDaXClOMne/uKZODY+w\n8msNK1WfEZTQK5o1GNU7InR7+Z5/ZeSQOI7Nk3mM1WFwUMYeLCNSN3ahFO/yzSWi\nGhgZCUNu3/5jAhDIoHct6gmLBHuI7hKn3eQX67P9WC71RnbVe0mqN9W0CGUxV95j\nzHpFvlUIHb3HSAE5CRxBDbKOzwKBgQDZiaBOOaALvnVgYGrKW/oP2AQI4ms3voG2\nTdbke2eoHayf7YQznvaUe4PAho7zvuxlpSOAZCqt7tSanRjNYp33anhpbsTqVis3\nqOSSMv4/xMeqbO47SBlCw+zQKRwnhJc0hjTDd34wLBJxpjFRe3nfr5mhIta1L7dV\nvv48WBF2tQKBgQC6wQXmxk0aoR9DNGAHs12RdtWU5WGEJTaPYPzFxbMgcR540TmJ\ni4W/FvlnVPwwJjU7iv5ui9ce75xE6eXc3Tps9zpAMr0MCrE2Fd+4WijtR9ksBIna\nHnG9b66R6ADJcAmkjfwz4+sXPfLmH8OpUTHmQmHRPjaYoOHC2SLcFI35iwKBgQCa\nj3Jaog7YyUXUaCz4Akm1oCGdvmG3hZ/by4p3ZEbN5+eS6csYckV4UhnWXMSM4oZL\n4f1LZ9/7HMnp4NyScRMTi45qOs2mQfsK3PEp/xkubb3/lM3fSObJzTMg41Shr09P\nfltW1jvONkIUhaRc5II/MCDToFE1AuYcAkvYzCn8UQKBgDBLGa4DYVTI45BQTTY6\nE6fRBa3XUpzPfDIcFludlVxyGngwb8R6nr+NLeGtj0WuSdllMP4u5NubPKiPQOQU\nhSvw7Chb6ZwU2feEeL5mNckmIUlb+cFQNhXCbZwCddYy4lNLH4OIjWpf5rStWe6s\nqmOYvNWmmddIhbmVinuJFeyh\n-----END PRIVATE KEY-----\n","clientEmail":"firebase-adminsdk-ofvjh@internburger-6dd37.iam.gserviceaccount.com","httpClient":{"retry":{"maxRetries":4,"statusCodes":[503],"ioErrorCodes":["ECONNRESET","ETIMEDOUT"],"backOffFactor":0.5,"maxDelayInMillis":60000}}},"databaseURL":"https://internburger-6dd37.firebaseio.com"} {"metadata":{"emulator":{"name":"functions"},"function":{"name":"us-central1-app"},"extension":{},"message":"[runtime-status] [13060] initializeApp(DEFAULT) {\"credential\":{\"implicit\":false,\"projectId\":\"internburger-6dd37\",\"privateKey\":\"-----BEGIN PRIVATE KEY-----\\nMIIEvgIBADANBgkqhkiG9w0BAQEFAASCBKgwggSkAgEAAoIBAQC5jYMRtq0Bx/uA\\nh+HuVuxSHpuBOJmhbXXd5mPPh44/tXpZGkYtd7OkPaFkALDE6wXz24/wVg+JnIqu\\n4nLM14SDpLsijPoHmLkYxB2G2Hn1xapt/ALlTSR2igZedZl42MNvRrF84iY2B3IZ\\n0JjipY1D7ihOCXMecMg5VZw7MGy6ZCDkUbkZgBPLR8wcg/bpR37/BGs3mWxx0BZa\\nP7uD1tk64vSmWBiRVcHYhb7A+ffL8FjJY6gd1A2DjGM5TcQPE/WoZJP+BxFqJjvz\\n1/iCak+M/AmekYAAHdUR+Q1YRtkx9plTN8zTpnsAkRyTkQ/+r99ZdDyky/0aONur\\nGsWg0WJbAgMBAAECggEANzBAZjHbtlZpVxrTV6Tx6CDjZqVTiIB6mLPwRucOJ6PO\\nDpdyfQ6H11dfW9OawA8ZN6U75CNsvqTZWNfQhl2ps8/4uveMXFsP3q5iC9vyNmgC\\n33Cf2dy+diVqbIj0y01Jn5y6qKbI77P6O3RgLLVJ1YUN5twHqeuomej9LVujUzJ4\\nMaKBSRBlxudSMroAkho4Q3bQWhhTHsu3JLhoG5icbMg5sk+t9xBjlRkohQE6uDf5\\n0owc8vstzuq8jLgGEvyrciSnoiL5O8zbz0LgMUOCsoYU8IagKH6VeA/AeSxppoAQ\\nNKH6it6nrG/9SjrtpMEkNMmHg7zAXVTkyXWphirczQKBgQDaXClOMne/uKZODY+w\\n8msNK1WfEZTQK5o1GNU7InR7+Z5/ZeSQOI7Nk3mM1WFwUMYeLCNSN3ahFO/yzSWi\\nGhgZCUNu3/5jAhDIoHct6gmLBHuI7hKn3eQX67P9WC71RnbVe0mqN9W0CGUxV95j\\nzHpFvlUIHb3HSAE5CRxBDbKOzwKBgQDZiaBOOaALvnVgYGrKW/oP2AQI4ms3voG2\\nTdbke2eoHayf7YQznvaUe4PAho7zvuxlpSOAZCqt7tSanRjNYp33anhpbsTqVis3\\nqOSSMv4/xMeqbO47SBlCw+zQKRwnhJc0hjTDd34wLBJxpjFRe3nfr5mhIta1L7dV\\nvv48WBF2tQKBgQC6wQXmxk0aoR9DNGAHs12RdtWU5WGEJTaPYPzFxbMgcR540TmJ\\ni4W/FvlnVPwwJjU7iv5ui9ce75xE6eXc3Tps9zpAMr0MCrE2Fd+4WijtR9ksBIna\\nHnG9b66R6ADJcAmkjfwz4+sXPfLmH8OpUTHmQmHRPjaYoOHC2SLcFI35iwKBgQCa\\nj3Jaog7YyUXUaCz4Akm1oCGdvmG3hZ/by4p3ZEbN5+eS6csYckV4UhnWXMSM4oZL\\n4f1LZ9/7HMnp4NyScRMTi45qOs2mQfsK3PEp/xkubb3/lM3fSObJzTMg41Shr09P\\nfltW1jvONkIUhaRc5II/MCDToFE1AuYcAkvYzCn8UQKBgDBLGa4DYVTI45BQTTY6\\nE6fRBa3XUpzPfDIcFludlVxyGngwb8R6nr+NLeGtj0WuSdllMP4u5NubPKiPQOQU\\nhSvw7Chb6ZwU2feEeL5mNckmIUlb+cFQNhXCbZwCddYy4lNLH4OIjWpf5rStWe6s\\nqmOYvNWmmddIhbmVinuJFeyh\\n-----END PRIVATE KEY-----\\n\",\"clientEmail\":\"firebase-adminsdk-ofvjh@internburger-6dd37.iam.gserviceaccount.com\",\"httpClient\":{\"retry\":{\"maxRetries\":4,\"statusCodes\":[503],\"ioErrorCodes\":[\"ECONNRESET\",\"ETIMEDOUT\"],\"backOffFactor\":0.5,\"maxDelayInMillis\":60000}}},\"databaseURL\":\"https://internburger-6dd37.firebaseio.com\"}"}}
[warn] !  functions: The Cloud Firestore emulator is not running, so calls to Firestore will affect production. {"metadata":{"emulator":{"name":"functions"},"function":{"name":"us-central1-app"},"extension":{},"message":"The Cloud Firestore emulator is not running, so calls to Firestore will affect production."}}
[debug] [2022-11-26T06:37:40.993Z] [runtime-status] [13060] Functions runtime initialized. {"cwd":"F:\\internShipProject\\demo\\functions","node_version":"16.16.0"} {"metadata":{"emulator":{"name":"functions"},"function":{"name":"us-central1-app"},"extension":{},"message":"[runtime-status] [13060] Functions runtime initialized. {\"cwd\":\"F:\\\\internShipProject\\\\demo\\\\functions\",\"node_version\":\"16.16.0\"}"}}
[debug] [2022-11-26T06:37:40.993Z] [runtime-status] [13060] Listening to port: \\?\pipe\fire_emu_eb07741f94e4af99 {"metadata":{"emulator":{"name":"functions"},"function":{"name":"us-central1-app"},"extension":{},"message":"[runtime-status] [13060] Listening to port: \\\\?\\pipe\\fire_emu_eb07741f94e4af99"}}
[debug] [2022-11-26T06:37:41.085Z] [worker-us-central1-app-9a234d6c-cf46-4677-adef-b5fbee642b1e]: IDLE {"metadata":{"emulator":{"name":"functions"},"message":"[worker-us-central1-app-9a234d6c-cf46-4677-adef-b5fbee642b1e]: IDLE"}}
[debug] [2022-11-26T06:37:41.086Z] [worker-pool] submitRequest(triggerId=us-central1-app) {"metadata":{"emulator":{"name":"functions"},"message":"[worker-pool] submitRequest(triggerId=us-central1-app)"}}
[debug] [2022-11-26T06:37:41.086Z] [worker-us-central1-app-9a234d6c-cf46-4677-adef-b5fbee642b1e]: BUSY {"metadata":{"emulator":{"name":"functions"},"message":"[worker-us-central1-app-9a234d6c-cf46-4677-adef-b5fbee642b1e]: BUSY"}}
[info] i  functions: Beginning execution of "app" {"metadata":{"emulator":{"name":"functions"},"function":{"name":"us-central1-app"},"extension":{},"message":"Beginning execution of \"app\""}}
[debug] [2022-11-26T06:37:45.613Z] [worker-us-central1-app-9a234d6c-cf46-4677-adef-b5fbee642b1e]: IDLE {"metadata":{"emulator":{"name":"functions"},"message":"[worker-us-central1-app-9a234d6c-cf46-4677-adef-b5fbee642b1e]: IDLE"}}
[debug] [2022-11-26T06:37:45.613Z] [work-queue] {"queueLength":0,"workRunningCount":0}
[info] i  functions: Finished "app" in 4523.1556ms {"metadata":{"emulator":{"name":"functions"},"function":{"name":"us-central1-app"},"extension":{},"message":"Finished \"app\" in 4523.1556ms"}}
[debug] [2022-11-26T06:38:02.678Z] [work-queue] {"queueLength":1,"workRunningCount":0}
[debug] [2022-11-26T06:38:02.679Z] [work-queue] {"queueLength":0,"workRunningCount":1}
[debug] [2022-11-26T06:38:02.679Z] Accepted request OPTIONS /internburger-6dd37/us-central1/app/addOrder --> us-central1-app
[debug] [2022-11-26T06:38:02.683Z] [functions] Runtime ready! Sending request! {"metadata":{"emulator":{"name":"functions"},"message":"[functions] Runtime ready! Sending request!"}}
[debug] [2022-11-26T06:38:02.683Z] [functions] Got req.url=/internburger-6dd37/us-central1/app/addOrder, mapping to path=/addOrder {"metadata":{"emulator":{"name":"functions"},"message":"[functions] Got req.url=/internburger-6dd37/us-central1/app/addOrder, mapping to path=/addOrder"}}
[debug] [2022-11-26T06:38:02.683Z] [worker-pool] submitRequest(triggerId=us-central1-app) {"metadata":{"emulator":{"name":"functions"},"message":"[worker-pool] submitRequest(triggerId=us-central1-app)"}}
[debug] [2022-11-26T06:38:02.683Z] [worker-us-central1-app-9a234d6c-cf46-4677-adef-b5fbee642b1e]: BUSY {"metadata":{"emulator":{"name":"functions"},"message":"[worker-us-central1-app-9a234d6c-cf46-4677-adef-b5fbee642b1e]: BUSY"}}
[info] i  functions: Beginning execution of "app" {"metadata":{"emulator":{"name":"functions"},"function":{"name":"us-central1-app"},"extension":{},"message":"Beginning execution of \"app\""}}
[debug] [2022-11-26T06:38:02.687Z] [worker-us-central1-app-9a234d6c-cf46-4677-adef-b5fbee642b1e]: IDLE {"metadata":{"emulator":{"name":"functions"},"message":"[worker-us-central1-app-9a234d6c-cf46-4677-adef-b5fbee642b1e]: IDLE"}}
[debug] [2022-11-26T06:38:02.687Z] [work-queue] {"queueLength":0,"workRunningCount":0}
[info] i  functions: Finished "app" in 1.3888ms {"metadata":{"emulator":{"name":"functions"},"function":{"name":"us-central1-app"},"extension":{},"message":"Finished \"app\" in 1.3888ms"}}
[debug] [2022-11-26T06:38:02.689Z] [work-queue] {"queueLength":1,"workRunningCount":0}
[debug] [2022-11-26T06:38:02.690Z] [work-queue] {"queueLength":0,"workRunningCount":1}
[debug] [2022-11-26T06:38:02.690Z] Accepted request POST /internburger-6dd37/us-central1/app/addOrder --> us-central1-app
[debug] [2022-11-26T06:38:02.693Z] [functions] Runtime ready! Sending request! {"metadata":{"emulator":{"name":"functions"},"message":"[functions] Runtime ready! Sending request!"}}
[debug] [2022-11-26T06:38:02.693Z] [functions] Got req.url=/internburger-6dd37/us-central1/app/addOrder, mapping to path=/addOrder {"metadata":{"emulator":{"name":"functions"},"message":"[functions] Got req.url=/internburger-6dd37/us-central1/app/addOrder, mapping to path=/addOrder"}}
[debug] [2022-11-26T06:38:02.693Z] [worker-pool] submitRequest(triggerId=us-central1-app) {"metadata":{"emulator":{"name":"functions"},"message":"[worker-pool] submitRequest(triggerId=us-central1-app)"}}
[debug] [2022-11-26T06:38:02.693Z] [worker-us-central1-app-9a234d6c-cf46-4677-adef-b5fbee642b1e]: BUSY {"metadata":{"emulator":{"name":"functions"},"message":"[worker-us-central1-app-9a234d6c-cf46-4677-adef-b5fbee642b1e]: BUSY"}}
[info] i  functions: Beginning execution of "app" {"metadata":{"emulator":{"name":"functions"},"function":{"name":"us-central1-app"},"extension":{},"message":"Beginning execution of \"app\""}}
[debug] [2022-11-26T06:38:02.723Z] [worker-us-central1-app-9a234d6c-cf46-4677-adef-b5fbee642b1e]: IDLE {"metadata":{"emulator":{"name":"functions"},"message":"[worker-us-central1-app-9a234d6c-cf46-4677-adef-b5fbee642b1e]: IDLE"}}
[debug] [2022-11-26T06:38:02.723Z] [work-queue] {"queueLength":0,"workRunningCount":0}
[info] i  functions: Finished "app" in 12.8756ms {"metadata":{"emulator":{"name":"functions"},"function":{"name":"us-central1-app"},"extension":{},"message":"Finished \"app\" in 12.8756ms"}}
[debug] [2022-11-26T06:38:21.889Z] [work-queue] {"queueLength":1,"workRunningCount":0}
[debug] [2022-11-26T06:38:21.889Z] [work-queue] {"queueLength":0,"workRunningCount":1}
[debug] [2022-11-26T06:38:21.890Z] Accepted request GET /internburger-6dd37/us-central1/app/burgers --> us-central1-app
[debug] [2022-11-26T06:38:21.892Z] [functions] Runtime ready! Sending request! {"metadata":{"emulator":{"name":"functions"},"message":"[functions] Runtime ready! Sending request!"}}
[debug] [2022-11-26T06:38:21.892Z] [functions] Got req.url=/internburger-6dd37/us-central1/app/burgers, mapping to path=/burgers {"metadata":{"emulator":{"name":"functions"},"message":"[functions] Got req.url=/internburger-6dd37/us-central1/app/burgers, mapping to path=/burgers"}}
[debug] [2022-11-26T06:38:21.892Z] [worker-pool] submitRequest(triggerId=us-central1-app) {"metadata":{"emulator":{"name":"functions"},"message":"[worker-pool] submitRequest(triggerId=us-central1-app)"}}
[debug] [2022-11-26T06:38:21.892Z] [worker-us-central1-app-9a234d6c-cf46-4677-adef-b5fbee642b1e]: BUSY {"metadata":{"emulator":{"name":"functions"},"message":"[worker-us-central1-app-9a234d6c-cf46-4677-adef-b5fbee642b1e]: BUSY"}}
[info] i  functions: Beginning execution of "app" {"metadata":{"emulator":{"name":"functions"},"function":{"name":"us-central1-app"},"extension":{},"message":"Beginning execution of \"app\""}}
[debug] [2022-11-26T06:38:22.171Z] [worker-us-central1-app-9a234d6c-cf46-4677-adef-b5fbee642b1e]: IDLE {"metadata":{"emulator":{"name":"functions"},"message":"[worker-us-central1-app-9a234d6c-cf46-4677-adef-b5fbee642b1e]: IDLE"}}
[debug] [2022-11-26T06:38:22.171Z] [work-queue] {"queueLength":0,"workRunningCount":0}
[info] i  functions: Finished "app" in 276.546ms {"metadata":{"emulator":{"name":"functions"},"function":{"name":"us-central1-app"},"extension":{},"message":"Finished \"app\" in 276.546ms"}}
