[debug] [2022-11-26T07:08:59.193Z] ----------------------------------------------------------------------
[debug] [2022-11-26T07:08:59.195Z] Command:       C:\Program Files\nodejs\node.exe C:\Users\ASUS\AppData\Roaming\npm\node_modules\firebase-tools\lib\bin\firebase.js serve
[debug] [2022-11-26T07:08:59.196Z] CLI Version:   11.16.1
[debug] [2022-11-26T07:08:59.196Z] Platform:      win32
[debug] [2022-11-26T07:08:59.196Z] Node Version:  v16.16.0
[debug] [2022-11-26T07:08:59.197Z] Time:          Sat Nov 26 2022 14:08:59 GMT+0700 (Indochina Time)
[debug] [2022-11-26T07:08:59.198Z] ----------------------------------------------------------------------
[debug] 
[debug] [2022-11-26T07:08:59.323Z] > command requires scopes: ["email","openid","https://www.googleapis.com/auth/cloudplatformprojects.readonly","https://www.googleapis.com/auth/firebase","https://www.googleapis.com/auth/cloud-platform"]
[debug] [2022-11-26T07:08:59.324Z] > authorizing via signed-in user (shynend@gmail.com)
[debug] [2022-11-26T07:08:59.324Z] [iam] checking project internburger-6dd37 for permissions ["firebase.projects.get"]
[debug] [2022-11-26T07:08:59.326Z] >>> [apiv2][query] POST https://cloudresourcemanager.googleapis.com/v1/projects/internburger-6dd37:testIamPermissions [none]
[debug] [2022-11-26T07:08:59.326Z] >>> [apiv2][(partial)header] POST https://cloudresourcemanager.googleapis.com/v1/projects/internburger-6dd37:testIamPermissions x-goog-quota-user=projects/internburger-6dd37
[debug] [2022-11-26T07:08:59.326Z] >>> [apiv2][body] POST https://cloudresourcemanager.googleapis.com/v1/projects/internburger-6dd37:testIamPermissions {"permissions":["firebase.projects.get"]}
[debug] [2022-11-26T07:09:00.285Z] <<< [apiv2][status] POST https://cloudresourcemanager.googleapis.com/v1/projects/internburger-6dd37:testIamPermissions 200
[debug] [2022-11-26T07:09:00.286Z] <<< [apiv2][body] POST https://cloudresourcemanager.googleapis.com/v1/projects/internburger-6dd37:testIamPermissions {"permissions":["firebase.projects.get"]}
[debug] [2022-11-26T07:09:00.287Z] >>> [apiv2][query] GET https://firebase.googleapis.com/v1beta1/projects/internburger-6dd37 [none]
[debug] [2022-11-26T07:09:00.664Z] <<< [apiv2][status] GET https://firebase.googleapis.com/v1beta1/projects/internburger-6dd37 200
[debug] [2022-11-26T07:09:00.664Z] <<< [apiv2][body] GET https://firebase.googleapis.com/v1beta1/projects/internburger-6dd37 {"projectId":"internburger-6dd37","projectNumber":"650154867699","displayName":"internBurger","name":"projects/internburger-6dd37","resources":{"hostingSite":"internburger-6dd37"},"state":"ACTIVE","etag":"1_ea1c76c7-12cd-46f3-80ea-c8585907b49e"}
[info] 
[info] === Serving from 'F:\internShipProject\demo'...
[info] 
[info] +  functions: Using node@16 from host. {"metadata":{"emulator":{"name":"functions"},"message":"Using node@16 from host."}}
[debug] [2022-11-26T07:09:00.695Z] defaultcredentials: writing to file C:\Users\ASUS\AppData\Roaming\firebase\shynend_gmail_com_application_default_credentials.json
[debug] [2022-11-26T07:09:00.697Z] Setting GAC to C:\Users\ASUS\AppData\Roaming\firebase\shynend_gmail_com_application_default_credentials.json {"metadata":{"emulator":{"name":"functions"},"message":"Setting GAC to C:\\Users\\ASUS\\AppData\\Roaming\\firebase\\shynend_gmail_com_application_default_credentials.json"}}
[debug] [2022-11-26T07:09:00.698Z] >>> [apiv2][query] GET https://firebase.googleapis.com/v1beta1/projects/internburger-6dd37/adminSdkConfig [none]
[debug] [2022-11-26T07:09:01.037Z] <<< [apiv2][status] GET https://firebase.googleapis.com/v1beta1/projects/internburger-6dd37/adminSdkConfig 200
[debug] [2022-11-26T07:09:01.037Z] <<< [apiv2][body] GET https://firebase.googleapis.com/v1beta1/projects/internburger-6dd37/adminSdkConfig {"projectId":"internburger-6dd37","storageBucket":"internburger-6dd37.appspot.com"}
[info] i  functions: Watching "F:\internShipProject\demo\functions" for Cloud Functions... {"metadata":{"emulator":{"name":"functions"},"message":"Watching \"F:\\internShipProject\\demo\\functions\" for Cloud Functions..."}}
[debug] [2022-11-26T07:09:01.104Z] Validating nodejs source
[debug] [2022-11-26T07:09:05.310Z] > [functions] package.json contents: {
  "name": "functions",
  "description": "Cloud Functions for Firebase",
  "scripts": {
    "lint": "eslint .",
    "serve": "firebase emulators:start --only functions",
    "shell": "firebase functions:shell",
    "start": "npm run shell",
    "deploy": "firebase deploy --only functions",
    "logs": "firebase functions:log"
  },
  "engines": {
    "node": "16"
  },
  "main": "index.js",
  "dependencies": {
    "cors": "^2.8.5",
    "express": "^4.18.2",
    "firebase-admin": "^10.0.2",
    "firebase-functions": "^4.1.0"
  },
  "devDependencies": {
    "eslint": "^8.9.0",
    "eslint-config-google": "^0.14.0",
    "firebase-functions-test": "^0.2.0"
  },
  "private": true
}
[debug] [2022-11-26T07:09:05.311Z] Building nodejs source
[debug] [2022-11-26T07:09:05.311Z] Analyzing nodejs backend spec
[debug] [2022-11-26T07:09:05.313Z] Could not find functions.yaml. Must use http discovery
[debug] [2022-11-26T07:09:05.912Z] Serving at port 9005

[debug] [2022-11-26T07:09:06.421Z] Got response from /__/functions.yaml {"endpoints":{"app":{"platform":"gcfv1","availableMemoryMb":null,"timeoutSeconds":null,"minInstances":null,"maxInstances":null,"ingressSettings":null,"serviceAccountEmail":null,"vpc":null,"httpsTrigger":{},"entryPoint":"app"}},"specVersion":"v1alpha1","requiredAPIs":[]}
[debug] [2022-11-26T07:09:06.433Z] shutdown requested via /__/quitquitquit

[info] +  functions: Loaded functions definitions from source: app. {"metadata":{"emulator":{"name":"functions"},"message":"Loaded functions definitions from source: app."}}
[info] +  functions[us-central1-app]: http function initialized (http://localhost:5000/internburger-6dd37/us-central1/app). {"metadata":{"emulator":{"name":"functions"},"message":"\u001b[1mhttp\u001b[22m function initialized (http://localhost:5000/internburger-6dd37/us-central1/app)."}}
